<?xml version="1.0" encoding="UTF-8"?>
<testng-results ignored="0" total="1" passed="1" failed="0" skipped="0">
  <reporter-output>
  </reporter-output>
  <suite started-at="2023-09-19T22:12:52 IST" name="Default suite" finished-at="2023-09-19T22:12:58 IST" duration-ms="5968">
    <groups>
    </groups>
    <test started-at="2023-09-19T22:12:52 IST" name="Default test" finished-at="2023-09-19T22:12:58 IST" duration-ms="5968">
      <class name="test1.Requests">
        <test-method signature="apple1()[pri:0, instance:test1.Requests@6f15d60e]" started-at="2023-09-19T22:12:52 IST" name="apple1" finished-at="2023-09-19T22:12:58 IST" duration-ms="5807" status="PASS">
          <reporter-output>
          </reporter-output>
        </test-method> <!-- apple1 -->
      </class> <!-- test1.Requests -->
    </test> <!-- Default test -->
  </suite> <!-- Default suite -->
</testng-results>
